{"/Users/soli/spotify-nowplaying/frontend/src/App.tsx": {"path":"/Users/soli/spotify-nowplaying/frontend/src/App.tsx","statementMap":{"0":{"start":{"line":8,"column":36},"end":{"line":11,"column":null}},"1":{"start":{"line":13,"column":2},"end":{"line":21,"column":null}},"2":{"start":{"line":14,"column":4},"end":{"line":19,"column":null}},"3":{"start":{"line":23,"column":26},"end":{"line":23,"column":null}},"4":{"start":{"line":25,"column":2},"end":{"line":44,"column":null}}},"fnMap":{"0":{"name":"App","decl":{"start":{"line":7,"column":9},"end":{"line":7,"column":15}},"loc":{"start":{"line":7,"column":15},"end":{"line":46,"column":null}},"line":7}},"branchMap":{"0":{"loc":{"start":{"line":13,"column":2},"end":{"line":21,"column":null}},"type":"if","locations":[{"start":{"line":13,"column":2},"end":{"line":21,"column":null}},{"start":{},"end":{}}],"line":13},"1":{"loc":{"start":{"line":23,"column":26},"end":{"line":23,"column":null}},"type":"binary-expr","locations":[{"start":{"line":23,"column":26},"end":{"line":23,"column":53}},{"start":{"line":23,"column":53},"end":{"line":23,"column":null}}],"line":23},"2":{"loc":{"start":{"line":29,"column":17},"end":{"line":29,"column":null}},"type":"cond-expr","locations":[{"start":{"line":29,"column":35},"end":{"line":29,"column":74}},{"start":{"line":29,"column":74},"end":{"line":29,"column":null}}],"line":29},"3":{"loc":{"start":{"line":33,"column":17},"end":{"line":33,"column":null}},"type":"cond-expr","locations":[{"start":{"line":33,"column":35},"end":{"line":33,"column":51}},{"start":{"line":33,"column":51},"end":{"line":33,"column":null}}],"line":33},"4":{"loc":{"start":{"line":37,"column":31},"end":{"line":37,"column":74}},"type":"cond-expr","locations":[{"start":{"line":37,"column":49},"end":{"line":37,"column":64}},{"start":{"line":37,"column":64},"end":{"line":37,"column":74}}],"line":37},"5":{"loc":{"start":{"line":42,"column":31},"end":{"line":42,"column":74}},"type":"cond-expr","locations":[{"start":{"line":42,"column":49},"end":{"line":42,"column":64}},{"start":{"line":42,"column":64},"end":{"line":42,"column":74}}],"line":42}},"s":{"0":13,"1":13,"2":7,"3":6,"4":13},"f":{"0":13},"b":{"0":[7,6],"1":[6,0],"2":[2,4],"3":[2,4],"4":[2,4],"5":[2,4]},"meta":{"lastBranch":6,"lastFunction":1,"lastStatement":5,"seen":{"f:7:9:7:15":0,"s:8:36:11:Infinity":0,"b:13:2:21:Infinity:undefined:undefined:undefined:undefined":0,"s:13:2:21:Infinity":1,"s:14:4:19:Infinity":2,"s:23:26:23:Infinity":3,"b:23:26:23:53:23:53:23:Infinity":1,"s:25:2:44:Infinity":4,"b:29:35:29:74:29:74:29:Infinity":2,"b:33:35:33:51:33:51:33:Infinity":3,"b:37:49:37:64:37:64:37:74":4,"b:42:49:42:64:42:64:42:74":5}}}
,"/Users/soli/spotify-nowplaying/frontend/src/api.ts": {"path":"/Users/soli/spotify-nowplaying/frontend/src/api.ts","statementMap":{"0":{"start":{"line":1,"column":17},"end":{"line":1,"column":null}},"1":{"start":{"line":42,"column":14},"end":{"line":42,"column":null}},"2":{"start":{"line":43,"column":2},"end":{"line":45,"column":null}},"3":{"start":{"line":44,"column":4},"end":{"line":44,"column":null}},"4":{"start":{"line":46,"column":2},"end":{"line":46,"column":null}},"5":{"start":{"line":50,"column":14},"end":{"line":50,"column":null}},"6":{"start":{"line":51,"column":2},"end":{"line":53,"column":null}},"7":{"start":{"line":52,"column":4},"end":{"line":52,"column":null}},"8":{"start":{"line":54,"column":2},"end":{"line":54,"column":null}},"9":{"start":{"line":58,"column":14},"end":{"line":64,"column":null}},"10":{"start":{"line":65,"column":2},"end":{"line":68,"column":null}},"11":{"start":{"line":66,"column":18},"end":{"line":66,"column":null}},"12":{"start":{"line":67,"column":4},"end":{"line":67,"column":null}},"13":{"start":{"line":69,"column":2},"end":{"line":69,"column":null}},"14":{"start":{"line":73,"column":14},"end":{"line":75,"column":null}},"15":{"start":{"line":76,"column":2},"end":{"line":78,"column":null}},"16":{"start":{"line":77,"column":4},"end":{"line":77,"column":null}},"17":{"start":{"line":82,"column":14},"end":{"line":84,"column":null}},"18":{"start":{"line":85,"column":2},"end":{"line":87,"column":null}},"19":{"start":{"line":86,"column":4},"end":{"line":86,"column":null}},"20":{"start":{"line":91,"column":14},"end":{"line":93,"column":null}},"21":{"start":{"line":94,"column":2},"end":{"line":96,"column":null}},"22":{"start":{"line":95,"column":4},"end":{"line":95,"column":null}},"23":{"start":{"line":97,"column":2},"end":{"line":97,"column":null}},"24":{"start":{"line":101,"column":14},"end":{"line":103,"column":null}},"25":{"start":{"line":104,"column":2},"end":{"line":106,"column":null}},"26":{"start":{"line":105,"column":4},"end":{"line":105,"column":null}},"27":{"start":{"line":110,"column":14},"end":{"line":112,"column":null}},"28":{"start":{"line":113,"column":2},"end":{"line":115,"column":null}},"29":{"start":{"line":114,"column":4},"end":{"line":114,"column":null}},"30":{"start":{"line":116,"column":2},"end":{"line":116,"column":null}},"31":{"start":{"line":120,"column":14},"end":{"line":122,"column":null}},"32":{"start":{"line":123,"column":2},"end":{"line":125,"column":null}},"33":{"start":{"line":124,"column":4},"end":{"line":124,"column":null}},"34":{"start":{"line":140,"column":14},"end":{"line":140,"column":null}},"35":{"start":{"line":141,"column":2},"end":{"line":143,"column":null}},"36":{"start":{"line":142,"column":4},"end":{"line":142,"column":null}},"37":{"start":{"line":144,"column":2},"end":{"line":144,"column":null}}},"fnMap":{"0":{"name":"checkAuth","decl":{"start":{"line":41,"column":22},"end":{"line":41,"column":62}},"loc":{"start":{"line":41,"column":62},"end":{"line":47,"column":null}},"line":41},"1":{"name":"getUserInfo","decl":{"start":{"line":49,"column":22},"end":{"line":49,"column":55}},"loc":{"start":{"line":49,"column":55},"end":{"line":55,"column":null}},"line":49},"2":{"name":"startMiAuth","decl":{"start":{"line":57,"column":22},"end":{"line":57,"column":34}},"loc":{"start":{"line":57,"column":85},"end":{"line":70,"column":null}},"line":57},"3":{"name":"disconnectMisskey","decl":{"start":{"line":72,"column":22},"end":{"line":72,"column":57}},"loc":{"start":{"line":72,"column":57},"end":{"line":79,"column":null}},"line":72},"4":{"name":"disconnectTwitter","decl":{"start":{"line":81,"column":22},"end":{"line":81,"column":57}},"loc":{"start":{"line":81,"column":57},"end":{"line":88,"column":null}},"line":81},"5":{"name":"generateHeaderToken","decl":{"start":{"line":90,"column":22},"end":{"line":90,"column":74}},"loc":{"start":{"line":90,"column":74},"end":{"line":98,"column":null}},"line":90},"6":{"name":"disableHeaderToken","decl":{"start":{"line":100,"column":22},"end":{"line":100,"column":58}},"loc":{"start":{"line":100,"column":58},"end":{"line":107,"column":null}},"line":100},"7":{"name":"regenerateAPIURLToken","decl":{"start":{"line":109,"column":22},"end":{"line":109,"column":81}},"loc":{"start":{"line":109,"column":81},"end":{"line":117,"column":null}},"line":109},"8":{"name":"logout","decl":{"start":{"line":119,"column":22},"end":{"line":119,"column":46}},"loc":{"start":{"line":119,"column":46},"end":{"line":126,"column":null}},"line":119},"9":{"name":"getAppConfig","decl":{"start":{"line":139,"column":22},"end":{"line":139,"column":57}},"loc":{"start":{"line":139,"column":57},"end":{"line":145,"column":null}},"line":139}},"branchMap":{"0":{"loc":{"start":{"line":43,"column":2},"end":{"line":45,"column":null}},"type":"if","locations":[{"start":{"line":43,"column":2},"end":{"line":45,"column":null}},{"start":{},"end":{}}],"line":43},"1":{"loc":{"start":{"line":51,"column":2},"end":{"line":53,"column":null}},"type":"if","locations":[{"start":{"line":51,"column":2},"end":{"line":53,"column":null}},{"start":{},"end":{}}],"line":51},"2":{"loc":{"start":{"line":65,"column":2},"end":{"line":68,"column":null}},"type":"if","locations":[{"start":{"line":65,"column":2},"end":{"line":68,"column":null}},{"start":{},"end":{}}],"line":65},"3":{"loc":{"start":{"line":67,"column":20},"end":{"line":67,"column":59}},"type":"binary-expr","locations":[{"start":{"line":67,"column":20},"end":{"line":67,"column":35}},{"start":{"line":67,"column":35},"end":{"line":67,"column":59}}],"line":67},"4":{"loc":{"start":{"line":76,"column":2},"end":{"line":78,"column":null}},"type":"if","locations":[{"start":{"line":76,"column":2},"end":{"line":78,"column":null}},{"start":{},"end":{}}],"line":76},"5":{"loc":{"start":{"line":85,"column":2},"end":{"line":87,"column":null}},"type":"if","locations":[{"start":{"line":85,"column":2},"end":{"line":87,"column":null}},{"start":{},"end":{}}],"line":85},"6":{"loc":{"start":{"line":94,"column":2},"end":{"line":96,"column":null}},"type":"if","locations":[{"start":{"line":94,"column":2},"end":{"line":96,"column":null}},{"start":{},"end":{}}],"line":94},"7":{"loc":{"start":{"line":104,"column":2},"end":{"line":106,"column":null}},"type":"if","locations":[{"start":{"line":104,"column":2},"end":{"line":106,"column":null}},{"start":{},"end":{}}],"line":104},"8":{"loc":{"start":{"line":113,"column":2},"end":{"line":115,"column":null}},"type":"if","locations":[{"start":{"line":113,"column":2},"end":{"line":115,"column":null}},{"start":{},"end":{}}],"line":113},"9":{"loc":{"start":{"line":123,"column":2},"end":{"line":125,"column":null}},"type":"if","locations":[{"start":{"line":123,"column":2},"end":{"line":125,"column":null}},{"start":{},"end":{}}],"line":123},"10":{"loc":{"start":{"line":141,"column":2},"end":{"line":143,"column":null}},"type":"if","locations":[{"start":{"line":141,"column":2},"end":{"line":143,"column":null}},{"start":{},"end":{}}],"line":141}},"s":{"0":1,"1":2,"2":2,"3":1,"4":1,"5":2,"6":2,"7":1,"8":1,"9":3,"10":3,"11":2,"12":2,"13":1,"14":2,"15":2,"16":1,"17":2,"18":2,"19":1,"20":2,"21":2,"22":1,"23":1,"24":2,"25":2,"26":1,"27":2,"28":2,"29":1,"30":1,"31":2,"32":2,"33":1,"34":2,"35":2,"36":1,"37":1},"f":{"0":2,"1":2,"2":3,"3":2,"4":2,"5":2,"6":2,"7":2,"8":2,"9":2},"b":{"0":[1,1],"1":[1,1],"2":[2,1],"3":[2,1],"4":[1,1],"5":[1,1],"6":[1,1],"7":[1,1],"8":[1,1],"9":[1,1],"10":[1,1]},"meta":{"lastBranch":11,"lastFunction":10,"lastStatement":38,"seen":{"s:1:17:1:Infinity":0,"f:41:22:41:62":0,"s:42:14:42:Infinity":1,"b:43:2:45:Infinity:undefined:undefined:undefined:undefined":0,"s:43:2:45:Infinity":2,"s:44:4:44:Infinity":3,"s:46:2:46:Infinity":4,"f:49:22:49:55":1,"s:50:14:50:Infinity":5,"b:51:2:53:Infinity:undefined:undefined:undefined:undefined":1,"s:51:2:53:Infinity":6,"s:52:4:52:Infinity":7,"s:54:2:54:Infinity":8,"f:57:22:57:34":2,"s:58:14:64:Infinity":9,"b:65:2:68:Infinity:undefined:undefined:undefined:undefined":2,"s:65:2:68:Infinity":10,"s:66:18:66:Infinity":11,"s:67:4:67:Infinity":12,"b:67:20:67:35:67:35:67:59":3,"s:69:2:69:Infinity":13,"f:72:22:72:57":3,"s:73:14:75:Infinity":14,"b:76:2:78:Infinity:undefined:undefined:undefined:undefined":4,"s:76:2:78:Infinity":15,"s:77:4:77:Infinity":16,"f:81:22:81:57":4,"s:82:14:84:Infinity":17,"b:85:2:87:Infinity:undefined:undefined:undefined:undefined":5,"s:85:2:87:Infinity":18,"s:86:4:86:Infinity":19,"f:90:22:90:74":5,"s:91:14:93:Infinity":20,"b:94:2:96:Infinity:undefined:undefined:undefined:undefined":6,"s:94:2:96:Infinity":21,"s:95:4:95:Infinity":22,"s:97:2:97:Infinity":23,"f:100:22:100:58":6,"s:101:14:103:Infinity":24,"b:104:2:106:Infinity:undefined:undefined:undefined:undefined":7,"s:104:2:106:Infinity":25,"s:105:4:105:Infinity":26,"f:109:22:109:81":7,"s:110:14:112:Infinity":27,"b:113:2:115:Infinity:undefined:undefined:undefined:undefined":8,"s:113:2:115:Infinity":28,"s:114:4:114:Infinity":29,"s:116:2:116:Infinity":30,"f:119:22:119:46":8,"s:120:14:122:Infinity":31,"b:123:2:125:Infinity:undefined:undefined:undefined:undefined":9,"s:123:2:125:Infinity":32,"s:124:4:124:Infinity":33,"f:139:22:139:57":9,"s:140:14:140:Infinity":34,"b:141:2:143:Infinity:undefined:undefined:undefined:undefined":10,"s:141:2:143:Infinity":35,"s:142:4:142:Infinity":36,"s:144:2:144:Infinity":37}}}
,"/Users/soli/spotify-nowplaying/frontend/src/i18n.ts": {"path":"/Users/soli/spotify-nowplaying/frontend/src/i18n.ts","statementMap":{"0":{"start":{"line":6,"column":0},"end":{"line":18,"column":null}}},"fnMap":{},"branchMap":{},"s":{"0":0},"f":{},"b":{},"meta":{"lastBranch":0,"lastFunction":0,"lastStatement":1,"seen":{"s:6:0:18:Infinity":0}}}
,"/Users/soli/spotify-nowplaying/frontend/src/pages/Dashboard.tsx": {"path":"/Users/soli/spotify-nowplaying/frontend/src/pages/Dashboard.tsx","statementMap":{"0":{"start":{"line":18,"column":18},"end":{"line":18,"column":null}},"1":{"start":{"line":19,"column":21},"end":{"line":19,"column":null}},"2":{"start":{"line":20,"column":8},"end":{"line":20,"column":null}},"3":{"start":{"line":21,"column":8},"end":{"line":21,"column":null}},"4":{"start":{"line":24,"column":29},"end":{"line":48,"column":null}},"5":{"start":{"line":25,"column":20},"end":{"line":25,"column":null}},"6":{"start":{"line":26,"column":18},"end":{"line":26,"column":null}},"7":{"start":{"line":27,"column":21},"end":{"line":27,"column":null}},"8":{"start":{"line":28,"column":19},"end":{"line":28,"column":null}},"9":{"start":{"line":30,"column":4},"end":{"line":41,"column":null}},"10":{"start":{"line":31,"column":6},"end":{"line":40,"column":null}},"11":{"start":{"line":33,"column":10},"end":{"line":33,"column":null}},"12":{"start":{"line":34,"column":10},"end":{"line":34,"column":null}},"13":{"start":{"line":36,"column":10},"end":{"line":36,"column":null}},"14":{"start":{"line":37,"column":10},"end":{"line":37,"column":null}},"15":{"start":{"line":39,"column":10},"end":{"line":39,"column":null}},"16":{"start":{"line":43,"column":4},"end":{"line":45,"column":null}},"17":{"start":{"line":44,"column":6},"end":{"line":44,"column":null}},"18":{"start":{"line":47,"column":4},"end":{"line":47,"column":null}},"19":{"start":{"line":50,"column":26},"end":{"line":50,"column":null}},"20":{"start":{"line":51,"column":44},"end":{"line":51,"column":null}},"21":{"start":{"line":52,"column":42},"end":{"line":52,"column":null}},"22":{"start":{"line":53,"column":38},"end":{"line":53,"column":null}},"23":{"start":{"line":54,"column":42},"end":{"line":54,"column":null}},"24":{"start":{"line":56,"column":36},"end":{"line":59,"column":null}},"25":{"start":{"line":61,"column":54},"end":{"line":64,"column":null}},"26":{"start":{"line":67,"column":2},"end":{"line":73,"column":null}},"27":{"start":{"line":68,"column":20},"end":{"line":68,"column":null}},"28":{"start":{"line":69,"column":18},"end":{"line":69,"column":null}},"29":{"start":{"line":70,"column":4},"end":{"line":72,"column":null}},"30":{"start":{"line":71,"column":6},"end":{"line":71,"column":null}},"31":{"start":{"line":75,"column":8},"end":{"line":83,"column":null}},"32":{"start":{"line":78,"column":6},"end":{"line":78,"column":null}},"33":{"start":{"line":81,"column":6},"end":{"line":81,"column":null}},"34":{"start":{"line":85,"column":8},"end":{"line":92,"column":null}},"35":{"start":{"line":88,"column":6},"end":{"line":88,"column":null}},"36":{"start":{"line":89,"column":6},"end":{"line":89,"column":null}},"37":{"start":{"line":90,"column":6},"end":{"line":90,"column":null}},"38":{"start":{"line":94,"column":8},"end":{"line":100,"column":null}},"39":{"start":{"line":97,"column":6},"end":{"line":97,"column":null}},"40":{"start":{"line":98,"column":6},"end":{"line":98,"column":null}},"41":{"start":{"line":102,"column":8},"end":{"line":108,"column":null}},"42":{"start":{"line":105,"column":6},"end":{"line":105,"column":null}},"43":{"start":{"line":106,"column":6},"end":{"line":106,"column":null}},"44":{"start":{"line":110,"column":8},"end":{"line":117,"column":null}},"45":{"start":{"line":113,"column":6},"end":{"line":113,"column":null}},"46":{"start":{"line":114,"column":6},"end":{"line":114,"column":null}},"47":{"start":{"line":115,"column":6},"end":{"line":115,"column":null}},"48":{"start":{"line":119,"column":8},"end":{"line":125,"column":null}},"49":{"start":{"line":122,"column":6},"end":{"line":122,"column":null}},"50":{"start":{"line":123,"column":6},"end":{"line":123,"column":null}},"51":{"start":{"line":127,"column":8},"end":{"line":133,"column":null}},"52":{"start":{"line":130,"column":6},"end":{"line":130,"column":null}},"53":{"start":{"line":131,"column":6},"end":{"line":131,"column":null}},"54":{"start":{"line":135,"column":31},"end":{"line":142,"column":null}},"55":{"start":{"line":136,"column":4},"end":{"line":136,"column":null}},"56":{"start":{"line":137,"column":4},"end":{"line":140,"column":null}},"57":{"start":{"line":138,"column":6},"end":{"line":138,"column":null}},"58":{"start":{"line":139,"column":6},"end":{"line":139,"column":null}},"59":{"start":{"line":141,"column":4},"end":{"line":141,"column":null}},"60":{"start":{"line":144,"column":26},"end":{"line":148,"column":null}},"61":{"start":{"line":145,"column":4},"end":{"line":145,"column":null}},"62":{"start":{"line":146,"column":4},"end":{"line":146,"column":null}},"63":{"start":{"line":147,"column":4},"end":{"line":147,"column":null}},"64":{"start":{"line":147,"column":21},"end":{"line":147,"column":44}},"65":{"start":{"line":150,"column":2},"end":{"line":158,"column":null}},"66":{"start":{"line":151,"column":4},"end":{"line":156,"column":null}},"67":{"start":{"line":160,"column":2},"end":{"line":162,"column":null}},"68":{"start":{"line":161,"column":4},"end":{"line":161,"column":null}},"69":{"start":{"line":164,"column":18},"end":{"line":164,"column":null}},"70":{"start":{"line":165,"column":21},"end":{"line":165,"column":null}},"71":{"start":{"line":167,"column":2},"end":{"line":462,"column":null}},"72":{"start":{"line":177,"column":29},"end":{"line":177,"column":null}},"73":{"start":{"line":183,"column":29},"end":{"line":183,"column":null}},"74":{"start":{"line":188,"column":55},"end":{"line":188,"column":null}},"75":{"start":{"line":198,"column":35},"end":{"line":198,"column":58}},"76":{"start":{"line":205,"column":35},"end":{"line":205,"column":56}},"77":{"start":{"line":271,"column":31},"end":{"line":271,"column":null}},"78":{"start":{"line":289,"column":37},"end":{"line":289,"column":null}},"79":{"start":{"line":335,"column":31},"end":{"line":335,"column":null}},"80":{"start":{"line":368,"column":59},"end":{"line":368,"column":null}},"81":{"start":{"line":378,"column":29},"end":{"line":378,"column":null}},"82":{"start":{"line":397,"column":61},"end":{"line":397,"column":null}},"83":{"start":{"line":413,"column":29},"end":{"line":413,"column":null}},"84":{"start":{"line":421,"column":31},"end":{"line":421,"column":null}}},"fnMap":{"0":{"name":"Dashboard","decl":{"start":{"line":17,"column":9},"end":{"line":17,"column":21}},"loc":{"start":{"line":17,"column":21},"end":{"line":464,"column":null}},"line":17},"1":{"name":"(anonymous_1)","decl":{"start":{"line":24,"column":29},"end":{"line":24,"column":35}},"loc":{"start":{"line":24,"column":35},"end":{"line":48,"column":null}},"line":24},"2":{"name":"(anonymous_2)","decl":{"start":{"line":67,"column":12},"end":{"line":67,"column":18}},"loc":{"start":{"line":67,"column":18},"end":{"line":73,"column":5}},"line":67},"3":{"name":"(anonymous_3)","decl":{"start":{"line":77,"column":15},"end":{"line":77,"column":16}},"loc":{"start":{"line":77,"column":25},"end":{"line":79,"column":null}},"line":77},"4":{"name":"(anonymous_4)","decl":{"start":{"line":80,"column":13},"end":{"line":80,"column":14}},"loc":{"start":{"line":80,"column":31},"end":{"line":82,"column":null}},"line":80},"5":{"name":"(anonymous_5)","decl":{"start":{"line":87,"column":15},"end":{"line":87,"column":21}},"loc":{"start":{"line":87,"column":21},"end":{"line":91,"column":null}},"line":87},"6":{"name":"(anonymous_6)","decl":{"start":{"line":96,"column":15},"end":{"line":96,"column":21}},"loc":{"start":{"line":96,"column":21},"end":{"line":99,"column":null}},"line":96},"7":{"name":"(anonymous_7)","decl":{"start":{"line":104,"column":15},"end":{"line":104,"column":16}},"loc":{"start":{"line":104,"column":25},"end":{"line":107,"column":null}},"line":104},"8":{"name":"(anonymous_8)","decl":{"start":{"line":112,"column":15},"end":{"line":112,"column":21}},"loc":{"start":{"line":112,"column":21},"end":{"line":116,"column":null}},"line":112},"9":{"name":"(anonymous_9)","decl":{"start":{"line":121,"column":15},"end":{"line":121,"column":21}},"loc":{"start":{"line":121,"column":21},"end":{"line":124,"column":null}},"line":121},"10":{"name":"(anonymous_10)","decl":{"start":{"line":129,"column":15},"end":{"line":129,"column":21}},"loc":{"start":{"line":129,"column":21},"end":{"line":132,"column":null}},"line":129},"11":{"name":"(anonymous_11)","decl":{"start":{"line":135,"column":31},"end":{"line":135,"column":32}},"loc":{"start":{"line":135,"column":55},"end":{"line":142,"column":null}},"line":135},"12":{"name":"(anonymous_12)","decl":{"start":{"line":144,"column":26},"end":{"line":144,"column":27}},"loc":{"start":{"line":144,"column":44},"end":{"line":148,"column":null}},"line":144},"13":{"name":"(anonymous_13)","decl":{"start":{"line":147,"column":15},"end":{"line":147,"column":21}},"loc":{"start":{"line":147,"column":21},"end":{"line":147,"column":44}},"line":147},"14":{"name":"(anonymous_14)","decl":{"start":{"line":177,"column":23},"end":{"line":177,"column":29}},"loc":{"start":{"line":177,"column":29},"end":{"line":177,"column":null}},"line":177},"15":{"name":"(anonymous_15)","decl":{"start":{"line":183,"column":23},"end":{"line":183,"column":29}},"loc":{"start":{"line":183,"column":29},"end":{"line":183,"column":null}},"line":183},"16":{"name":"(anonymous_16)","decl":{"start":{"line":188,"column":49},"end":{"line":188,"column":55}},"loc":{"start":{"line":188,"column":55},"end":{"line":188,"column":null}},"line":188},"17":{"name":"(anonymous_17)","decl":{"start":{"line":198,"column":29},"end":{"line":198,"column":35}},"loc":{"start":{"line":198,"column":35},"end":{"line":198,"column":58}},"line":198},"18":{"name":"(anonymous_18)","decl":{"start":{"line":205,"column":29},"end":{"line":205,"column":35}},"loc":{"start":{"line":205,"column":35},"end":{"line":205,"column":56}},"line":205},"19":{"name":"(anonymous_19)","decl":{"start":{"line":271,"column":25},"end":{"line":271,"column":31}},"loc":{"start":{"line":271,"column":31},"end":{"line":271,"column":null}},"line":271},"20":{"name":"(anonymous_20)","decl":{"start":{"line":289,"column":30},"end":{"line":289,"column":31}},"loc":{"start":{"line":289,"column":37},"end":{"line":289,"column":null}},"line":289},"21":{"name":"(anonymous_21)","decl":{"start":{"line":335,"column":25},"end":{"line":335,"column":31}},"loc":{"start":{"line":335,"column":31},"end":{"line":335,"column":null}},"line":335},"22":{"name":"(anonymous_22)","decl":{"start":{"line":368,"column":53},"end":{"line":368,"column":59}},"loc":{"start":{"line":368,"column":59},"end":{"line":368,"column":null}},"line":368},"23":{"name":"(anonymous_23)","decl":{"start":{"line":378,"column":23},"end":{"line":378,"column":29}},"loc":{"start":{"line":378,"column":29},"end":{"line":378,"column":null}},"line":378},"24":{"name":"(anonymous_24)","decl":{"start":{"line":397,"column":55},"end":{"line":397,"column":61}},"loc":{"start":{"line":397,"column":61},"end":{"line":397,"column":null}},"line":397},"25":{"name":"(anonymous_25)","decl":{"start":{"line":413,"column":23},"end":{"line":413,"column":29}},"loc":{"start":{"line":413,"column":29},"end":{"line":413,"column":null}},"line":413},"26":{"name":"(anonymous_26)","decl":{"start":{"line":421,"column":25},"end":{"line":421,"column":31}},"loc":{"start":{"line":421,"column":31},"end":{"line":421,"column":null}},"line":421}},"branchMap":{"0":{"loc":{"start":{"line":30,"column":4},"end":{"line":41,"column":null}},"type":"if","locations":[{"start":{"line":30,"column":4},"end":{"line":41,"column":null}},{"start":{},"end":{}}],"line":30},"1":{"loc":{"start":{"line":31,"column":6},"end":{"line":40,"column":null}},"type":"switch","locations":[{"start":{"line":32,"column":8},"end":{"line":34,"column":null}},{"start":{"line":35,"column":8},"end":{"line":37,"column":null}},{"start":{"line":38,"column":8},"end":{"line":39,"column":null}}],"line":31},"2":{"loc":{"start":{"line":43,"column":4},"end":{"line":45,"column":null}},"type":"if","locations":[{"start":{"line":43,"column":4},"end":{"line":45,"column":null}},{"start":{},"end":{}}],"line":43},"3":{"loc":{"start":{"line":70,"column":4},"end":{"line":72,"column":null}},"type":"if","locations":[{"start":{"line":70,"column":4},"end":{"line":72,"column":null}},{"start":{},"end":{}}],"line":70},"4":{"loc":{"start":{"line":70,"column":8},"end":{"line":70,"column":26}},"type":"binary-expr","locations":[{"start":{"line":70,"column":8},"end":{"line":70,"column":19}},{"start":{"line":70,"column":19},"end":{"line":70,"column":26}}],"line":70},"5":{"loc":{"start":{"line":137,"column":4},"end":{"line":140,"column":null}},"type":"if","locations":[{"start":{"line":137,"column":4},"end":{"line":140,"column":null}},{"start":{},"end":{}}],"line":137},"6":{"loc":{"start":{"line":150,"column":2},"end":{"line":158,"column":null}},"type":"if","locations":[{"start":{"line":150,"column":2},"end":{"line":158,"column":null}},{"start":{},"end":{}}],"line":150},"7":{"loc":{"start":{"line":150,"column":6},"end":{"line":150,"column":36}},"type":"binary-expr","locations":[{"start":{"line":150,"column":6},"end":{"line":150,"column":19}},{"start":{"line":150,"column":19},"end":{"line":150,"column":36}}],"line":150},"8":{"loc":{"start":{"line":160,"column":2},"end":{"line":162,"column":null}},"type":"if","locations":[{"start":{"line":160,"column":2},"end":{"line":162,"column":null}},{"start":{},"end":{}}],"line":160},"9":{"loc":{"start":{"line":176,"column":25},"end":{"line":176,"column":null}},"type":"cond-expr","locations":[{"start":{"line":176,"column":50},"end":{"line":176,"column":61}},{"start":{"line":176,"column":61},"end":{"line":176,"column":null}}],"line":176},"10":{"loc":{"start":{"line":182,"column":25},"end":{"line":182,"column":null}},"type":"cond-expr","locations":[{"start":{"line":182,"column":50},"end":{"line":182,"column":61}},{"start":{"line":182,"column":61},"end":{"line":182,"column":null}}],"line":182},"11":{"loc":{"start":{"line":195,"column":9},"end":{"line":199,"column":null}},"type":"binary-expr","locations":[{"start":{"line":195,"column":9},"end":{"line":195,"column":null}},{"start":{"line":196,"column":10},"end":{"line":199,"column":null}}],"line":195},"12":{"loc":{"start":{"line":202,"column":9},"end":{"line":206,"column":null}},"type":"binary-expr","locations":[{"start":{"line":202,"column":9},"end":{"line":202,"column":null}},{"start":{"line":203,"column":10},"end":{"line":206,"column":null}}],"line":202},"13":{"loc":{"start":{"line":214,"column":15},"end":{"line":224,"column":null}},"type":"binary-expr","locations":[{"start":{"line":214,"column":15},"end":{"line":214,"column":null}},{"start":{"line":215,"column":16},"end":{"line":224,"column":null}}],"line":214},"14":{"loc":{"start":{"line":227,"column":17},"end":{"line":230,"column":null}},"type":"cond-expr","locations":[{"start":{"line":228,"column":18},"end":{"line":228,"column":null}},{"start":{"line":230,"column":18},"end":{"line":230,"column":null}}],"line":227},"15":{"loc":{"start":{"line":241,"column":11},"end":{"line":296,"column":null}},"type":"cond-expr","locations":[{"start":{"line":242,"column":12},"end":{"line":276,"column":null}},{"start":{"line":278,"column":12},"end":{"line":296,"column":null}}],"line":241},"16":{"loc":{"start":{"line":245,"column":19},"end":{"line":255,"column":null}},"type":"binary-expr","locations":[{"start":{"line":245,"column":19},"end":{"line":245,"column":null}},{"start":{"line":246,"column":20},"end":{"line":255,"column":null}}],"line":245},"17":{"loc":{"start":{"line":259,"column":31},"end":{"line":259,"column":81}},"type":"binary-expr","locations":[{"start":{"line":259,"column":31},"end":{"line":259,"column":60}},{"start":{"line":259,"column":60},"end":{"line":259,"column":81}}],"line":259},"18":{"loc":{"start":{"line":260,"column":23},"end":{"line":260,"column":null}},"type":"binary-expr","locations":[{"start":{"line":260,"column":23},"end":{"line":260,"column":48}},{"start":{"line":260,"column":48},"end":{"line":260,"column":null}}],"line":260},"19":{"loc":{"start":{"line":262,"column":21},"end":{"line":263,"column":null}},"type":"binary-expr","locations":[{"start":{"line":262,"column":21},"end":{"line":262,"column":null}},{"start":{"line":263,"column":22},"end":{"line":263,"column":null}}],"line":262},"20":{"loc":{"start":{"line":292,"column":21},"end":{"line":292,"column":null}},"type":"cond-expr","locations":[{"start":{"line":292,"column":48},"end":{"line":292,"column":74}},{"start":{"line":292,"column":74},"end":{"line":292,"column":null}}],"line":292},"21":{"loc":{"start":{"line":303,"column":11},"end":{"line":356,"column":null}},"type":"cond-expr","locations":[{"start":{"line":304,"column":12},"end":{"line":306,"column":null}},{"start":{"line":307,"column":14},"end":{"line":356,"column":null}}],"line":303},"22":{"loc":{"start":{"line":307,"column":14},"end":{"line":356,"column":null}},"type":"cond-expr","locations":[{"start":{"line":308,"column":12},"end":{"line":340,"column":null}},{"start":{"line":341,"column":14},"end":{"line":356,"column":null}}],"line":307},"23":{"loc":{"start":{"line":311,"column":19},"end":{"line":321,"column":null}},"type":"binary-expr","locations":[{"start":{"line":311,"column":19},"end":{"line":311,"column":null}},{"start":{"line":312,"column":20},"end":{"line":321,"column":null}}],"line":311},"24":{"loc":{"start":{"line":324,"column":21},"end":{"line":327,"column":null}},"type":"cond-expr","locations":[{"start":{"line":325,"column":22},"end":{"line":325,"column":null}},{"start":{"line":327,"column":22},"end":{"line":327,"column":null}}],"line":324},"25":{"loc":{"start":{"line":341,"column":14},"end":{"line":356,"column":null}},"type":"cond-expr","locations":[{"start":{"line":342,"column":12},"end":{"line":350,"column":null}},{"start":{"line":352,"column":12},"end":{"line":356,"column":null}}],"line":341},"26":{"loc":{"start":{"line":354,"column":17},"end":{"line":354,"column":null}},"type":"binary-expr","locations":[{"start":{"line":354,"column":17},"end":{"line":354,"column":59}},{"start":{"line":354,"column":59},"end":{"line":354,"column":null}}],"line":354},"27":{"loc":{"start":{"line":393,"column":11},"end":{"line":400,"column":null}},"type":"binary-expr","locations":[{"start":{"line":393,"column":11},"end":{"line":393,"column":null}},{"start":{"line":394,"column":12},"end":{"line":400,"column":null}}],"line":393},"28":{"loc":{"start":{"line":404,"column":50},"end":{"line":404,"column":147}},"type":"cond-expr","locations":[{"start":{"line":404,"column":86},"end":{"line":404,"column":117}},{"start":{"line":404,"column":117},"end":{"line":404,"column":147}}],"line":404},"29":{"loc":{"start":{"line":405,"column":45},"end":{"line":405,"column":109}},"type":"cond-expr","locations":[{"start":{"line":405,"column":81},"end":{"line":405,"column":95}},{"start":{"line":405,"column":95},"end":{"line":405,"column":109}}],"line":405},"30":{"loc":{"start":{"line":406,"column":15},"end":{"line":406,"column":null}},"type":"cond-expr","locations":[{"start":{"line":406,"column":51},"end":{"line":406,"column":82}},{"start":{"line":406,"column":82},"end":{"line":406,"column":null}}],"line":406},"31":{"loc":{"start":{"line":416,"column":15},"end":{"line":416,"column":null}},"type":"cond-expr","locations":[{"start":{"line":416,"column":51},"end":{"line":416,"column":85}},{"start":{"line":416,"column":85},"end":{"line":416,"column":null}}],"line":416},"32":{"loc":{"start":{"line":418,"column":13},"end":{"line":425,"column":null}},"type":"binary-expr","locations":[{"start":{"line":418,"column":13},"end":{"line":418,"column":null}},{"start":{"line":419,"column":14},"end":{"line":425,"column":null}}],"line":418},"33":{"loc":{"start":{"line":442,"column":11},"end":{"line":448,"column":null}},"type":"binary-expr","locations":[{"start":{"line":442,"column":11},"end":{"line":442,"column":null}},{"start":{"line":443,"column":12},"end":{"line":448,"column":null}}],"line":442}},"s":{"0":41,"1":41,"2":41,"3":41,"4":41,"5":41,"6":41,"7":41,"8":41,"9":41,"10":0,"11":0,"12":0,"13":0,"14":0,"15":0,"16":41,"17":0,"18":41,"19":41,"20":41,"21":41,"22":41,"23":41,"24":41,"25":41,"26":41,"27":21,"28":21,"29":21,"30":0,"31":41,"32":0,"33":0,"34":41,"35":0,"36":0,"37":0,"38":41,"39":0,"40":0,"41":41,"42":0,"43":0,"44":41,"45":0,"46":0,"47":0,"48":41,"49":0,"50":0,"51":41,"52":0,"53":0,"54":41,"55":0,"56":0,"57":0,"58":0,"59":0,"60":41,"61":0,"62":0,"63":0,"64":0,"65":41,"66":21,"67":20,"68":0,"69":20,"70":20,"71":20,"72":0,"73":0,"74":0,"75":0,"76":0,"77":0,"78":0,"79":0,"80":0,"81":0,"82":0,"83":0,"84":0},"f":{"0":41,"1":41,"2":21,"3":0,"4":0,"5":0,"6":0,"7":0,"8":0,"9":0,"10":0,"11":0,"12":0,"13":0,"14":0,"15":0,"16":0,"17":0,"18":0,"19":0,"20":0,"21":0,"22":0,"23":0,"24":0,"25":0,"26":0},"b":{"0":[0,41],"1":[0,0,0],"2":[0,41],"3":[0,21],"4":[21,21],"5":[0,0],"6":[21,20],"7":[41,20],"8":[0,20],"9":[20,0],"10":[0,20],"11":[41,0],"12":[41,0],"13":[41,20],"14":[20,0],"15":[1,19],"16":[1,1],"17":[1,0],"18":[1,1],"19":[1,1],"20":[0,19],"21":[1,19],"22":[1,18],"23":[1,1],"24":[1,0],"25":[17,1],"26":[1,0],"27":[41,0],"28":[2,18],"29":[2,18],"30":[2,18],"31":[2,18],"32":[41,2],"33":[41,2]},"meta":{"lastBranch":34,"lastFunction":27,"lastStatement":85,"seen":{"f:17:9:17:21":0,"s:18:18:18:Infinity":0,"s:19:21:19:Infinity":1,"s:20:8:20:Infinity":2,"s:21:8:21:Infinity":3,"s:24:29:48:Infinity":4,"f:24:29:24:35":1,"s:25:20:25:Infinity":5,"s:26:18:26:Infinity":6,"s:27:21:27:Infinity":7,"s:28:19:28:Infinity":8,"b:30:4:41:Infinity:undefined:undefined:undefined:undefined":0,"s:30:4:41:Infinity":9,"b:32:8:34:Infinity:35:8:37:Infinity:38:8:39:Infinity":1,"s:31:6:40:Infinity":10,"s:33:10:33:Infinity":11,"s:34:10:34:Infinity":12,"s:36:10:36:Infinity":13,"s:37:10:37:Infinity":14,"s:39:10:39:Infinity":15,"b:43:4:45:Infinity:undefined:undefined:undefined:undefined":2,"s:43:4:45:Infinity":16,"s:44:6:44:Infinity":17,"s:47:4:47:Infinity":18,"s:50:26:50:Infinity":19,"s:51:44:51:Infinity":20,"s:52:42:52:Infinity":21,"s:53:38:53:Infinity":22,"s:54:42:54:Infinity":23,"s:56:36:59:Infinity":24,"s:61:54:64:Infinity":25,"s:67:2:73:Infinity":26,"f:67:12:67:18":2,"s:68:20:68:Infinity":27,"s:69:18:69:Infinity":28,"b:70:4:72:Infinity:undefined:undefined:undefined:undefined":3,"s:70:4:72:Infinity":29,"b:70:8:70:19:70:19:70:26":4,"s:71:6:71:Infinity":30,"s:75:8:83:Infinity":31,"f:77:15:77:16":3,"s:78:6:78:Infinity":32,"f:80:13:80:14":4,"s:81:6:81:Infinity":33,"s:85:8:92:Infinity":34,"f:87:15:87:21":5,"s:88:6:88:Infinity":35,"s:89:6:89:Infinity":36,"s:90:6:90:Infinity":37,"s:94:8:100:Infinity":38,"f:96:15:96:21":6,"s:97:6:97:Infinity":39,"s:98:6:98:Infinity":40,"s:102:8:108:Infinity":41,"f:104:15:104:16":7,"s:105:6:105:Infinity":42,"s:106:6:106:Infinity":43,"s:110:8:117:Infinity":44,"f:112:15:112:21":8,"s:113:6:113:Infinity":45,"s:114:6:114:Infinity":46,"s:115:6:115:Infinity":47,"s:119:8:125:Infinity":48,"f:121:15:121:21":9,"s:122:6:122:Infinity":49,"s:123:6:123:Infinity":50,"s:127:8:133:Infinity":51,"f:129:15:129:21":10,"s:130:6:130:Infinity":52,"s:131:6:131:Infinity":53,"s:135:31:142:Infinity":54,"f:135:31:135:32":11,"s:136:4:136:Infinity":55,"b:137:4:140:Infinity:undefined:undefined:undefined:undefined":5,"s:137:4:140:Infinity":56,"s:138:6:138:Infinity":57,"s:139:6:139:Infinity":58,"s:141:4:141:Infinity":59,"s:144:26:148:Infinity":60,"f:144:26:144:27":12,"s:145:4:145:Infinity":61,"s:146:4:146:Infinity":62,"s:147:4:147:Infinity":63,"f:147:15:147:21":13,"s:147:21:147:44":64,"b:150:2:158:Infinity:undefined:undefined:undefined:undefined":6,"s:150:2:158:Infinity":65,"b:150:6:150:19:150:19:150:36":7,"s:151:4:156:Infinity":66,"b:160:2:162:Infinity:undefined:undefined:undefined:undefined":8,"s:160:2:162:Infinity":67,"s:161:4:161:Infinity":68,"s:164:18:164:Infinity":69,"s:165:21:165:Infinity":70,"s:167:2:462:Infinity":71,"b:176:50:176:61:176:61:176:Infinity":9,"f:177:23:177:29":14,"s:177:29:177:Infinity":72,"b:182:50:182:61:182:61:182:Infinity":10,"f:183:23:183:29":15,"s:183:29:183:Infinity":73,"f:188:49:188:55":16,"s:188:55:188:Infinity":74,"b:195:9:195:Infinity:196:10:199:Infinity":11,"f:198:29:198:35":17,"s:198:35:198:58":75,"b:202:9:202:Infinity:203:10:206:Infinity":12,"f:205:29:205:35":18,"s:205:35:205:56":76,"b:214:15:214:Infinity:215:16:224:Infinity":13,"b:228:18:228:Infinity:230:18:230:Infinity":14,"b:242:12:276:Infinity:278:12:296:Infinity":15,"b:245:19:245:Infinity:246:20:255:Infinity":16,"b:259:31:259:60:259:60:259:81":17,"b:260:23:260:48:260:48:260:Infinity":18,"b:262:21:262:Infinity:263:22:263:Infinity":19,"f:271:25:271:31":19,"s:271:31:271:Infinity":77,"f:289:30:289:31":20,"s:289:37:289:Infinity":78,"b:292:48:292:74:292:74:292:Infinity":20,"b:304:12:306:Infinity:307:14:356:Infinity":21,"b:308:12:340:Infinity:341:14:356:Infinity":22,"b:311:19:311:Infinity:312:20:321:Infinity":23,"b:325:22:325:Infinity:327:22:327:Infinity":24,"f:335:25:335:31":21,"s:335:31:335:Infinity":79,"b:342:12:350:Infinity:352:12:356:Infinity":25,"b:354:17:354:59:354:59:354:Infinity":26,"f:368:53:368:59":22,"s:368:59:368:Infinity":80,"f:378:23:378:29":23,"s:378:29:378:Infinity":81,"b:393:11:393:Infinity:394:12:400:Infinity":27,"f:397:55:397:61":24,"s:397:61:397:Infinity":82,"b:404:86:404:117:404:117:404:147":28,"b:405:81:405:95:405:95:405:109":29,"b:406:51:406:82:406:82:406:Infinity":30,"f:413:23:413:29":25,"s:413:29:413:Infinity":83,"b:416:51:416:85:416:85:416:Infinity":31,"b:418:13:418:Infinity:419:14:425:Infinity":32,"f:421:25:421:31":26,"s:421:31:421:Infinity":84,"b:442:11:442:Infinity:443:12:448:Infinity":33}}}
,"/Users/soli/spotify-nowplaying/frontend/src/pages/Login.tsx": {"path":"/Users/soli/spotify-nowplaying/frontend/src/pages/Login.tsx","statementMap":{"0":{"start":{"line":4,"column":12},"end":{"line":4,"column":null}},"1":{"start":{"line":6,"column":2},"end":{"line":17,"column":null}}},"fnMap":{"0":{"name":"Login","decl":{"start":{"line":3,"column":9},"end":{"line":3,"column":17}},"loc":{"start":{"line":3,"column":17},"end":{"line":19,"column":null}},"line":3}},"branchMap":{},"s":{"0":5,"1":5},"f":{"0":5},"b":{},"meta":{"lastBranch":0,"lastFunction":1,"lastStatement":2,"seen":{"f:3:9:3:17":0,"s:4:12:4:Infinity":0,"s:6:2:17:Infinity":1}}}
}
